<?xml version="1.0" encoding="UTF-8"?>
<!-- Generated by org.testng.reporters.JUnitXMLReporter -->
<testsuite ignored="0" hostname="AFSWWL0S8LVCKO" failures="0" tests="5" name="Default test" time="16.837" errors="0" timestamp="2023-01-24T10:42:54 CST">
  <testcase classname="com.org.OhIForgotProvider.web.TaskTest" name="create_Task" time="3.214"/>
  <testcase classname="com.org.OhIForgotProvider.web.TaskTest" name="edit_Task" time="4.903"/>
  <testcase classname="com.org.OhIForgotProvider.web.TaskTest" name="editTask_NoDescription" time="0.433"/>
  <testcase classname="com.org.OhIForgotProvider.web.TaskTest" name="delete_Task" time="3.54"/>
  <testcase classname="com.org.OhIForgotProvider.web.TaskTest" name="whenAddingTask_DescriptionIsBlank_validationError" time="0.54"/>
</testsuite> <!-- Default test -->
