<?xml version="1.0" encoding="UTF-8"?>
<!-- Generated by org.testng.reporters.JUnitXMLReporter -->
<testsuite ignored="0" hostname="AFSWWL0S8LVCKO" failures="0" tests="4" name="Default test" time="12.163" errors="0" timestamp="2023-01-10T10:20:37 CST">
  <testcase classname="com.org.OhIForgotProvider.web.UserTest" name="register_User" time="2.939"/>
  <testcase classname="com.org.OhIForgotProvider.web.UserTest" name="login_User" time="1.118"/>
  <testcase classname="com.org.OhIForgotProvider.web.UserTest" name="whenAddingUser_UsernameIsBlank_validationError" time="0.909"/>
  <testcase classname="com.org.OhIForgotProvider.web.UserTest" name="whenLoginUserInvalid_URL_RedirectsToLogin" time="0.787"/>
</testsuite> <!-- Default test -->
