<?xml version="1.0" encoding="UTF-8"?>
<testng-results ignored="0" total="1" passed="1" failed="0" skipped="0">
  <reporter-output>
  </reporter-output>
  <suite started-at="2023-01-06T14:38:21 CST" name="Default suite" finished-at="2023-01-06T14:38:41 CST" duration-ms="19536">
    <groups>
    </groups>
    <test started-at="2023-01-06T14:38:21 CST" name="Default test" finished-at="2023-01-06T14:38:41 CST" duration-ms="19536">
      <class name="com.org.OhIForgotProvider.web.UserTest">
        <test-method is-config="true" signature="setup()[pri:0, instance:com.org.OhIForgotProvider.web.UserTest@75d3a5e0]" started-at="2023-01-06T14:38:22 CST" name="setup" finished-at="2023-01-06T14:38:24 CST" duration-ms="2380" status="PASS">
          <reporter-output>
          </reporter-output>
        </test-method> <!-- setup -->
        <test-method signature="whenLoginUserInvalid_URL_RedirectsToLogin()[pri:4, instance:com.org.OhIForgotProvider.web.UserTest@75d3a5e0]" started-at="2023-01-06T14:38:24 CST" name="whenLoginUserInvalid_URL_RedirectsToLogin" finished-at="2023-01-06T14:38:25 CST" duration-ms="793" status="PASS">
          <reporter-output>
          </reporter-output>
        </test-method> <!-- whenLoginUserInvalid_URL_RedirectsToLogin -->
        <test-method is-config="true" signature="cleanUp()[pri:0, instance:com.org.OhIForgotProvider.web.UserTest@75d3a5e0]" started-at="2023-01-06T14:38:25 CST" name="cleanUp" finished-at="2023-01-06T14:38:41 CST" duration-ms="16318" status="PASS">
          <reporter-output>
          </reporter-output>
        </test-method> <!-- cleanUp -->
      </class> <!-- com.org.OhIForgotProvider.web.UserTest -->
    </test> <!-- Default test -->
  </suite> <!-- Default suite -->
</testng-results>
